<?xml version="1.0" encoding="UTF-8"?>
<!-- Generated by org.testng.reporters.JUnitReportReporter -->
<testsuite hostname="Ishants-MacBook-Pro.local" failures="0" tests="3" name="com.foodinc.RestAssuredValidation.enduser.AddDishToCartTest" time="0.917" errors="0" timestamp="2022-09-01T01:43:12 IST" skipped="0">
  <testcase classname="com.foodinc.RestAssuredValidation.enduser.AddDishToCartTest" name="deserializeAndValidateResponse" time="0.626"/>
  <system-out/>
  <testcase classname="com.foodinc.RestAssuredValidation.enduser.AddDishToCartTest" name="validateAddDishToCartWithRestAssured" time="0.063"/>
  <system-out/>
  <testcase classname="com.foodinc.RestAssuredValidation.enduser.AddDishToCartTest" name="tesAddDishToCart" time="0.228"/>
  <system-out/>
</testsuite> <!-- com.foodinc.RestAssuredValidation.enduser.AddDishToCartTest -->
