<?xml version="1.0" encoding="UTF-8"?>
<!-- Generated by org.testng.reporters.JUnitReportReporter -->
<testsuite hostname="Ishants-MacBook-Pro.local" failures="0" tests="3" name="com.foodinc.RestAssuredValidation.enduser.RegisterUserTest" time="0.865" errors="0" timestamp="2022-09-01T01:41:00 IST" skipped="0">
  <testcase classname="com.foodinc.RestAssuredValidation.enduser.RegisterUserTest" name="testUserRegister" time="0.221"/>
  <system-out/>
  <testcase classname="com.foodinc.RestAssuredValidation.enduser.RegisterUserTest" name="deserializeAndValidateResponse" time="0.589"/>
  <system-out/>
  <testcase classname="com.foodinc.RestAssuredValidation.enduser.RegisterUserTest" name="validateUserRegisterWithRestAssured" time="0.055"/>
  <system-out/>
</testsuite> <!-- com.foodinc.RestAssuredValidation.enduser.RegisterUserTest -->
