<?xml version="1.0" encoding="UTF-8"?>
<!-- Generated by org.testng.reporters.JUnitReportReporter -->
<testsuite hostname="Ishants-MacBook-Pro.local" failures="0" tests="3" name="com.foodinc.RestAssuredValidation.admin.AddRestaurantTest" time="0.928" errors="0" timestamp="2022-09-01T08:54:36 IST" skipped="0">
  <testcase classname="com.foodinc.RestAssuredValidation.admin.AddRestaurantTest" name="deserializeAndValidateResponse" time="0.649"/>
  <system-out/>
  <testcase classname="com.foodinc.RestAssuredValidation.admin.AddRestaurantTest" name="validateAddDishToCartWithRestAssured" time="0.052"/>
  <system-out/>
  <testcase classname="com.foodinc.RestAssuredValidation.admin.AddRestaurantTest" name="tesAddDishToRestaurant" time="0.227"/>
  <system-out/>
</testsuite> <!-- com.foodinc.RestAssuredValidation.admin.AddRestaurantTest -->
