<?xml version="1.0" encoding="UTF-8"?>
<!-- Generated by org.testng.reporters.JUnitReportReporter -->
<testsuite hostname="Ishants-MacBook-Pro.local" failures="0" tests="3" name="com.foodinc.RestAssuredValidation.admin.AddDishInRestaurantTest" time="0.954" errors="0" timestamp="2022-09-01T08:55:06 IST" skipped="0">
  <testcase classname="com.foodinc.RestAssuredValidation.admin.AddDishInRestaurantTest" name="deserializeAndValidateResponse" time="0.641"/>
  <system-out/>
  <testcase classname="com.foodinc.RestAssuredValidation.admin.AddDishInRestaurantTest" name="validateAddDishToRestaurantWithRestAssured" time="0.061"/>
  <system-out/>
  <testcase classname="com.foodinc.RestAssuredValidation.admin.AddDishInRestaurantTest" name="tesAddDishToRestaurant" time="0.252"/>
  <system-out/>
</testsuite> <!-- com.foodinc.RestAssuredValidation.admin.AddDishInRestaurantTest -->
