<?xml version="1.0" encoding="UTF-8"?>
<!-- Generated by org.testng.reporters.JUnitReportReporter -->
<testsuite hostname="Ishants-MacBook-Pro.local" failures="0" tests="3" name="com.foodinc.RestAssuredValidation.enduser.FetchCartTest" time="0.912" errors="0" timestamp="2022-09-01T01:43:49 IST" skipped="0">
  <testcase classname="com.foodinc.RestAssuredValidation.enduser.FetchCartTest" name="testFetchCart" time="0.226"/>
  <system-out/>
  <testcase classname="com.foodinc.RestAssuredValidation.enduser.FetchCartTest" name="deserializeAndValidateResponse" time="0.632"/>
  <system-out/>
  <testcase classname="com.foodinc.RestAssuredValidation.enduser.FetchCartTest" name="validateFetchCartWithRestAssured" time="0.054"/>
  <system-out/>
</testsuite> <!-- com.foodinc.RestAssuredValidation.enduser.FetchCartTest -->
