<?xml version="1.0" encoding="UTF-8"?>
<!-- Generated by org.testng.reporters.JUnitReportReporter -->
<testsuite hostname="Ishants-MacBook-Pro.local" failures="0" tests="1" name="com.foodinc.RestAssuredValidation.AppTest" time="0.790" errors="0" timestamp="2022-08-31T00:59:35 IST" skipped="0">
  <testcase classname="com.foodinc.RestAssuredValidation.AppTest" name="testUserLogin" time="0.790"/>
  <system-out/>
</testsuite> <!-- com.foodinc.RestAssuredValidation.AppTest -->
