<?xml version="1.0" encoding="UTF-8"?>
<!-- Generated by org.testng.reporters.JUnitReportReporter -->
<testsuite hostname="Ishants-MacBook-Pro.local" failures="0" tests="3" name="com.foodinc.RestAssuredValidation.admin.FetchRestaurantTest" time="0.975" errors="0" timestamp="2022-09-01T08:53:03 IST" skipped="0">
  <testcase classname="com.foodinc.RestAssuredValidation.admin.FetchRestaurantTest" name="deserializeAndValidateResponse" time="0.640"/>
  <system-out/>
  <testcase classname="com.foodinc.RestAssuredValidation.admin.FetchRestaurantTest" name="testFetchRestaurants" time="0.268"/>
  <system-out/>
  <testcase classname="com.foodinc.RestAssuredValidation.admin.FetchRestaurantTest" name="validateFetchRestaurantWithRestAssured" time="0.067"/>
  <system-out/>
</testsuite> <!-- com.foodinc.RestAssuredValidation.admin.FetchRestaurantTest -->
